Release 14.2 - ngc2edif P.28xd (nt64)
Copyright (c) 1995-2012 Xilinx, Inc.  All rights reserved.
Reading design vga_display.ngc ...
WARNING:NetListWriters:298 - No output is written to vga_display.xncf, ignored.
Processing design ...
   Preping design's networks ...
   Preping design's macros ...
  finished :Prep
Writing EDIF netlist file vga_display.edif ...
ngc2edif: Total memory usage is 79004 kilobytes

Release 14.2 - ngc2edif P.28xd (nt64)
Copyright (c) 1995-2012 Xilinx, Inc.  All rights reserved.
Reading design vga_display.ngc ...
WARNING:NetListWriters:298 - No output is written to vga_display.xncf, ignored.
Processing design ...
   Preping design's networks ...
   Preping design's macros ...
  finished :Prep
Writing EDIF netlist file vga_display.edif ...
ngc2edif: Total memory usage is 78940 kilobytes

