#-----------------------------------------------------------
# PlanAhead v14.2 (64-bit)
# Build 194362 by xbuild on Fri Jul 20 18:52:11 MDT 2012
# Start of session at: Mon Dec 07 14:44:50 2015
# Process ID: 61544
# Log file: X:/Desktop/EC311 Labs/BreakTheBricks/planAhead_run_3/planAhead.log
# Journal file: X:/Desktop/EC311 Labs/BreakTheBricks/planAhead_run_3/planAhead.jou
#-----------------------------------------------------------
INFO: [Common 17-78] Attempting to get a license: PlanAhead
INFO: [Common 17-290] Got license for PlanAhead
INFO: [Device 21-36] Loading parts and site information from C:/Xilinx/14.2/ISE_DS/PlanAhead/data/parts/arch.xml
Parsing RTL primitives file [C:/Xilinx/14.2/ISE_DS/PlanAhead/data/parts/xilinx/rtl/prims/rtl_prims.xml]
Finished parsing RTL primitives file [C:/Xilinx/14.2/ISE_DS/PlanAhead/data/parts/xilinx/rtl/prims/rtl_prims.xml]
start_gui
source {X:/Desktop/EC311 Labs/BreakTheBricks/pa.fromNetlist.tcl}
# create_project -name BreakTheBricks -dir "X:/Desktop/EC311 Labs/BreakTheBricks/planAhead_run_3" -part xc6slx16csg324-3
Parsing template File [C:/Xilinx/14.2/ISE_DS/ISE/data/projnav/templates/verilog.xml].
Finished parsing template File [C:/Xilinx/14.2/ISE_DS/ISE/data/projnav/templates/verilog.xml].
Parsing template File [C:/Xilinx/14.2/ISE_DS/ISE/data/projnav/templates/vhdl.xml].
Finished parsing template File [C:/Xilinx/14.2/ISE_DS/ISE/data/projnav/templates/vhdl.xml].
Parsing template File [C:/Xilinx/14.2/ISE_DS/ISE/data/projnav/templates/ucf.xml].
Finished parsing template File [C:/Xilinx/14.2/ISE_DS/ISE/data/projnav/templates/ucf.xml].
# set_property design_mode GateLvl [get_property srcset [current_run -impl]]
# set_property edif_top_file "X:/Desktop/EC311 Labs/BreakTheBricks/vga_display.ngc" [ get_property srcset [ current_run ] ]
# add_files -norecurse { {X:/Desktop/EC311 Labs/BreakTheBricks} }
# set_property target_constrs_file "X:/Desktop/EC311 Labs/brickBreaker from allison/brickBreaker/vga_display.ucf" [current_fileset -constrset]
Adding file 'X:/Desktop/EC311 Labs/brickBreaker from allison/brickBreaker/vga_display.ucf' to fileset 'constrs_1'
# add_files [list {X:/Desktop/EC311 Labs/brickBreaker from allison/brickBreaker/vga_display.ucf}] -fileset [get_property constrset [current_run]]
# link_design
Design is defaulting to srcset: sources_1
Design is defaulting to constrset: constrs_1
Design is defaulting to project part: xc6slx16csg324-3
Release 14.2 - ngc2edif P.28xd (nt64)
Copyright (c) 1995-2012 Xilinx, Inc.  All rights reserved.
Reading design vga_display.ngc ...
WARNING:NetListWriters:298 - No output is written to vga_display.xncf, ignored.
Processing design ...
   Preping design's networks ...
   Preping design's macros ...
  finished :Prep
Writing EDIF netlist file vga_display.edif ...
ngc2edif: Total memory usage is 78940 kilobytes

Parsing EDIF File [./planAhead_run_3/BreakTheBricks.data/cache/vga_display_ngc_320649c2.edif]
Finished Parsing EDIF File [./planAhead_run_3/BreakTheBricks.data/cache/vga_display_ngc_320649c2.edif]
INFO: [Netlist 29-17] Analyzing 1 Unisim elements for replacement
INFO: [Netlist 29-28] Unisim Transformation completed in 0 CPU seconds
Loading clock regions from C:/Xilinx/14.2/ISE_DS/PlanAhead/data\parts/xilinx/spartan6/spartan6lx/xc6slx16/ClockRegion.xml
Loading clock buffers from C:/Xilinx/14.2/ISE_DS/PlanAhead/data\parts/xilinx/spartan6/spartan6lx/xc6slx16/ClockBuffers.xml
Loading package pin functions from C:/Xilinx/14.2/ISE_DS/PlanAhead/data\parts/xilinx/spartan6/PinFunctions.xml...
Loading package from C:/Xilinx/14.2/ISE_DS/PlanAhead/data\parts/xilinx/spartan6/spartan6lx/xc6slx16/csg324/Package.xml
Loading io standards from C:/Xilinx/14.2/ISE_DS/PlanAhead/data\./parts/xilinx/spartan6/IOStandards.xml
Loading device configuration modes from C:/Xilinx/14.2/ISE_DS/PlanAhead/data\parts/xilinx/spartan6/ConfigModes.xml
Loading list of drcs for the architecture : C:/Xilinx/14.2/ISE_DS/PlanAhead/data\./parts/xilinx/spartan6/drc.xml
Parsing UCF File [X:/Desktop/EC311 Labs/brickBreaker from allison/brickBreaker/vga_display.ucf]
CRITICAL WARNING: [Constraints 18-11] Could not find net or pin 'right' [X:/Desktop/EC311 Labs/brickBreaker from allison/brickBreaker/vga_display.ucf:59]
CRITICAL WARNING: [Constraints 18-11] Could not find net or pin 'left' [X:/Desktop/EC311 Labs/brickBreaker from allison/brickBreaker/vga_display.ucf:60]
Finished Parsing UCF File [X:/Desktop/EC311 Labs/brickBreaker from allison/brickBreaker/vga_display.ucf]
INFO: [Designutils 20-20] Invalid constraints found, use command 'write_ucf -constraints invalid <file>' to save all the invalid constraints to a file
INFO: [Project 1-111] Unisim Transformation Summary:
  A total of 1 instances were transformed.
  BUFGP => BUFGP (IBUFG, BUFG): 1 instances

Phase 0 | Netlist Checksum: 36667b79
link_design: Time (s): elapsed = 00:00:08 . Memory (MB): peak = 568.191 ; gain = 141.586
