#-----------------------------------------------------------
# PlanAhead v14.2 (64-bit)
# Build 194362 by xbuild on Fri Jul 20 18:52:11 MDT 2012
# Start of session at: Mon Dec 07 10:47:31 2015
# Process ID: 218764
# Log file: X:/Desktop/EC311 Labs/BreakTheBricks/planAhead_run_1/planAhead.log
# Journal file: X:/Desktop/EC311 Labs/BreakTheBricks/planAhead_run_1/planAhead.jou
#-----------------------------------------------------------
INFO: [Common 17-78] Attempting to get a license: PlanAhead
INFO: [Common 17-290] Got license for PlanAhead
INFO: [Device 21-36] Loading parts and site information from C:/Xilinx/14.2/ISE_DS/PlanAhead/data/parts/arch.xml
Parsing RTL primitives file [C:/Xilinx/14.2/ISE_DS/PlanAhead/data/parts/xilinx/rtl/prims/rtl_prims.xml]
Finished parsing RTL primitives file [C:/Xilinx/14.2/ISE_DS/PlanAhead/data/parts/xilinx/rtl/prims/rtl_prims.xml]
start_gui
source {X:/Desktop/EC311 Labs/BreakTheBricks/pa.fromHdl.tcl}
# create_project -name BreakTheBricks -dir "X:/Desktop/EC311 Labs/BreakTheBricks/planAhead_run_1" -part xc6slx16csg324-3
Parsing template File [C:/Xilinx/14.2/ISE_DS/ISE/data/projnav/templates/verilog.xml].
Finished parsing template File [C:/Xilinx/14.2/ISE_DS/ISE/data/projnav/templates/verilog.xml].
Parsing template File [C:/Xilinx/14.2/ISE_DS/ISE/data/projnav/templates/vhdl.xml].
Finished parsing template File [C:/Xilinx/14.2/ISE_DS/ISE/data/projnav/templates/vhdl.xml].
Parsing template File [C:/Xilinx/14.2/ISE_DS/ISE/data/projnav/templates/ucf.xml].
Finished parsing template File [C:/Xilinx/14.2/ISE_DS/ISE/data/projnav/templates/ucf.xml].
# set_param project.pinAheadLayout yes
# set srcset [get_property srcset [current_run -impl]]
# set_property target_constrs_file "binary_to_segment.ucf" [current_fileset -constrset]
Adding file 'X:/Desktop/EC311 Labs/BreakTheBricks/binary_to_segment.ucf' to fileset 'constrs_1'
# set hdlfile [add_files [list {seven_alternate.v}]]
# set_property file_type Verilog $hdlfile
# set_property library work $hdlfile
# set hdlfile [add_files [list {bin2led7.v}]]
# set_property file_type Verilog $hdlfile
# set_property library work $hdlfile
# set hdlfile [add_files [list {SevenSegmentController.v}]]
# set_property file_type Verilog $hdlfile
# set_property library work $hdlfile
# set_property top SevenSegmentController $srcset
# add_files [list {binary_to_segment.ucf}] -fileset [get_property constrset [current_run]]
# open_rtl_design -part xc6slx16csg324-3
Using Verific elaboration
Parsing VHDL file "C:/Xilinx/14.2/ISE_DS/PlanAhead/data/parts/xilinx/rtl/lib/synplify/synattr.vhd" into library synplify
Analyzing Verilog file "X:/Desktop/EC311 Labs/BreakTheBricks/seven_alternate.v" into library work
Analyzing Verilog file "X:/Desktop/EC311 Labs/BreakTheBricks/bin2led7.v" into library work
Analyzing Verilog file "X:/Desktop/EC311 Labs/BreakTheBricks/SevenSegmentController.v" into library work
Loading clock regions from C:/Xilinx/14.2/ISE_DS/PlanAhead/data\parts/xilinx/spartan6/spartan6lx/xc6slx16/ClockRegion.xml
Loading clock buffers from C:/Xilinx/14.2/ISE_DS/PlanAhead/data\parts/xilinx/spartan6/spartan6lx/xc6slx16/ClockBuffers.xml
Loading package pin functions from C:/Xilinx/14.2/ISE_DS/PlanAhead/data\parts/xilinx/spartan6/PinFunctions.xml...
Loading package from C:/Xilinx/14.2/ISE_DS/PlanAhead/data\parts/xilinx/spartan6/spartan6lx/xc6slx16/csg324/Package.xml
Loading io standards from C:/Xilinx/14.2/ISE_DS/PlanAhead/data\./parts/xilinx/spartan6/IOStandards.xml
Loading device configuration modes from C:/Xilinx/14.2/ISE_DS/PlanAhead/data\parts/xilinx/spartan6/ConfigModes.xml
Loading list of drcs for the architecture : C:/Xilinx/14.2/ISE_DS/PlanAhead/data\./parts/xilinx/spartan6/drc.xml
Parsing UCF File [X:/Desktop/EC311 Labs/BreakTheBricks/binary_to_segment.ucf]
CRITICAL WARNING: [Constraints 18-11] Could not find net or pin 'bin[0]' [X:/Desktop/EC311 Labs/BreakTheBricks/binary_to_segment.ucf:3]
CRITICAL WARNING: [Constraints 18-11] Could not find net or pin 'bin[1]' [X:/Desktop/EC311 Labs/BreakTheBricks/binary_to_segment.ucf:4]
CRITICAL WARNING: [Constraints 18-11] Could not find net or pin 'bin[2]' [X:/Desktop/EC311 Labs/BreakTheBricks/binary_to_segment.ucf:5]
CRITICAL WARNING: [Constraints 18-11] Could not find net or pin 'bin[3]' [X:/Desktop/EC311 Labs/BreakTheBricks/binary_to_segment.ucf:6]
Finished Parsing UCF File [X:/Desktop/EC311 Labs/BreakTheBricks/binary_to_segment.ucf]
INFO: [Designutils 20-20] Invalid constraints found, use command 'write_ucf -constraints invalid <file>' to save all the invalid constraints to a file
INFO: [Project 1-111] Unisim Transformation Summary:
No Unisim elements were transformed.

Phase 0 | Netlist Checksum: 05d2a51f
open_rtl_design: Time (s): elapsed = 00:00:06 . Memory (MB): peak = 575.238 ; gain = 191.113
